Arguments: 
  C:\Program Files\nodejs\node.exe C:\Users\keshav\AppData\Roaming\npm\node_modules\yarn\bin\yarn.js install

PATH: 
  C:\Program Files\Common Files\Oracle\Java\javapath;C:\Python39\Scripts\;C:\Python39\;C:\WINDOWS\system32;C:\WINDOWS;C:\WINDOWS\System32\Wbem;C:\WINDOWS\System32\WindowsPowerShell\v1.0\;C:\WINDOWS\System32\OpenSSH\;C:\ProgramData\chocolatey\bin;D:\APPS\Git\cmd;C:\Program Files\Git\cmd;C:\WINDOWS\system32;C:\WINDOWS;C:\WINDOWS\System32\Wbem;C:\WINDOWS\System32\WindowsPowerShell\v1.0\;C:\WINDOWS\System32\OpenSSH\;C:\Program Files\MongoDB\Server\6.0\bin;C:\Program Files\mongosh-1.6.1-win32-x64\bin;%NVM_HOME%;%NVM_SYMLINK%;C:\Users\keshav\AppData\Local\Programs\Python\Python311\Scripts\;C:\Users\keshav\AppData\Local\Programs\Python\Python311\;C:\Program Files\MySQL\MySQL Shell 8.0\bin\;D:\HPETS2\NASM\;C:\Users\keshav\AppData\Local\Microsoft\WindowsApps;C:\Users\keshav\AppData\Local\Programs\Microsoft VS Code\bin;C:\Users\keshav\AppData\Roaming\npm;C:\Program Files\JetBrains\PyCharm Community Edition 2023.1\bin;C:\Users\keshav\AppData\Roaming\nvm;C:\Program Files\nodejs;C:\Program Files\JetBrains\IntelliJ IDEA Community Edition 2023.2\bin

Yarn version: 
  1.22.19

Node version: 
  18.14.2

Platform: 
  win32 x64

Trace: 
  Error: https://registry.yarnpkg.com/@material-ui/icons/-/icons-4.11.3.tgz: ESOCKETTIMEDOUT
      at ClientRequest.<anonymous> (C:\Users\keshav\AppData\Roaming\npm\node_modules\yarn\lib\cli.js:141517:19)
      at Object.onceWrapper (node:events:627:28)
      at ClientRequest.emit (node:events:513:28)
      at TLSSocket.emitRequestTimeout (node:_http_client:848:9)
      at Object.onceWrapper (node:events:627:28)
      at TLSSocket.emit (node:events:525:35)
      at Socket._onTimeout (node:net:570:8)
      at listOnTimeout (node:internal/timers:569:17)
      at process.processTimers (node:internal/timers:512:7)

npm manifest: 
  {
    "name": "mern-stack-client",
    "version": "0.1.0",
    "private": true,
    "proxy": "https://memories-project-part4.herokuapp.com/",
    "dependencies": {
      "@material-ui/core": "^4.9.10",
      "@material-ui/icons": "^4.9.1",
      "@material-ui/lab": "^4.0.0-alpha.58",
      "@testing-library/jest-dom": "^4.2.4",
      "@testing-library/react": "^9.3.2",
      "@testing-library/user-event": "^7.1.2",
      "axios": "^0.19.2",
      "jwt-decode": "^3.1.2",
      "material-ui-chip-input": "^1.1.0",
      "moment": "^2.27.0",
      "react": "^16.12.0",
      "react-dom": "^16.12.0",
      "react-file-base64": "^1.0.3",
      "react-google-login": "^5.1.25",
      "react-redux": "^7.1.3",
      "react-router-dom": "^5.2.0",
      "react-scripts": "3.4.1",
      "redux": "^4.0.5",
      "redux-thunk": "^2.3.0"
    },
    "scripts": {
      "start": "react-scripts start",
      "build": "react-scripts build",
      "test": "react-scripts test",
      "eject": "react-scripts eject"
    },
    "eslintConfig": {
      "extends": "react-app"
    },
    "browserslist": {
      "production": [
        ">0.2%",
        "not dead",
        "not op_mini all"
      ],
      "development": [
        "last 1 chrome version",
        "last 1 firefox version",
        "last 1 safari version"
      ]
    },
    "devDependencies": {
      "@redux-devtools/core": "^3.9.0",
      "@redux-devtools/dock-monitor": "^1.4.0",
      "@redux-devtools/log-monitor": "^2.3.0",
      "eslint-config-airbnb": "^18.2.1",
      "eslint-plugin-import": "^2.22.1",
      "eslint-plugin-jsx-a11y": "^6.4.1",
      "eslint-plugin-react": "^7.21.5",
      "eslint-plugin-react-hooks": "^4.2.0"
    }
  }

yarn manifest: 
  No manifest

Lockfile: 
  No lockfile
